<?xml version="1.0" encoding="UTF-8"?>
<!-- Generated by org.testng.reporters.JUnitReportReporter -->
<testsuite hostname="DESKTOP-N1NG7JA" failures="0" tests="1" name="com.concast.crm.contactpomTest.CreateContactPomTest" time="226.545" errors="0" timestamp="2024-06-24T15:54:10 IST" skipped="0">
  <testcase classname="com.concast.crm.contactpomTest.CreateContactPomTest" name="createContactTest" time="226.545"/>
</testsuite> <!-- com.concast.crm.contactpomTest.CreateContactPomTest -->
