<?xml version="1.0" encoding="UTF-8"?>
<!-- Generated by org.testng.reporters.JUnitReportReporter -->
<testsuite hostname="DESKTOP-N1NG7JA" failures="0" tests="1" name="com.concast.crm.contactpomTest.CreateContactWithOrgpomTest" time="33.444" errors="0" timestamp="2024-06-14T01:03:57 IST" skipped="0">
  <testcase classname="com.concast.crm.contactpomTest.CreateContactWithOrgpomTest" name="createContactWithOrgTest" time="33.444"/>
</testsuite> <!-- com.concast.crm.contactpomTest.CreateContactWithOrgpomTest -->
