<?xml version="1.0" encoding="UTF-8"?>
<!-- Generated by org.testng.reporters.JUnitReportReporter -->
<testsuite hostname="DESKTOP-N1NG7JA" failures="0" tests="1" name="com.concast.crm.orgpomTest.CreateOrgWthPomClassTest" time="18.663" errors="0" timestamp="2024-06-14T00:52:11 IST" skipped="0">
  <testcase classname="com.concast.crm.orgpomTest.CreateOrgWthPomClassTest" name="createOrgTest" time="18.663"/>
</testsuite> <!-- com.concast.crm.orgpomTest.CreateOrgWthPomClassTest -->
