<?xml version="1.0" encoding="UTF-8"?>
<!-- Generated by org.testng.reporters.JUnitReportReporter -->
<testsuite hostname="DESKTOP-N1NG7JA" failures="0" tests="1" name="com.comcast.crm.organizationmoduleTest.Demo" time="0.020" errors="0" timestamp="2024-06-19T14:35:32 IST" skipped="0">
  <testcase classname="com.comcast.crm.organizationmoduleTest.Demo" name="m1" time="0.020"/>
</testsuite> <!-- com.comcast.crm.organizationmoduleTest.Demo -->
