<?xml version="1.0" encoding="UTF-8"?>
<!-- Generated by org.testng.reporters.JUnitReportReporter -->
<testsuite hostname="DESKTOP-N1NG7JA" failures="0" tests="3" name="practice.testNg.est.DataProviderwithUtilityTest" time="30.432" errors="0" timestamp="2024-06-11T15:51:50 IST" skipped="0">
  <testcase classname="practice.testNg.est.DataProviderwithUtilityTest" name="getProductInfo" time="9.382"/>
  <testcase classname="practice.testNg.est.DataProviderwithUtilityTest" name="getProductInfo" time="11.295"/>
  <testcase classname="practice.testNg.est.DataProviderwithUtilityTest" name="getProductInfo" time="9.755"/>
</testsuite> <!-- practice.testNg.est.DataProviderwithUtilityTest -->
