<?xml version="1.0" encoding="UTF-8"?>
<!-- Generated by org.testng.reporters.JUnitReportReporter -->
<testsuite hostname="DESKTOP-N1NG7JA" failures="0" tests="1" name="com.comcast.crm.contactModuleTest.CreateContactTest" time="26.772" errors="0" timestamp="2024-06-25T09:53:52 IST" skipped="0">
  <testcase classname="com.comcast.crm.contactModuleTest.CreateContactTest" name="createContactTest" time="26.772"/>
</testsuite> <!-- com.comcast.crm.contactModuleTest.CreateContactTest -->
