<?xml version="1.0" encoding="UTF-8"?>
<!-- Generated by org.testng.reporters.JUnitReportReporter -->
<testsuite hostname="DESKTOP-N1NG7JA" failures="0" tests="3" name="practice.testNg.est.DataProviderWithAmazonTest" time="33.137" errors="0" timestamp="2024-06-11T14:38:51 IST" skipped="0">
  <testcase classname="practice.testNg.est.DataProviderWithAmazonTest" name="getProductInfo" time="10.790"/>
  <testcase classname="practice.testNg.est.DataProviderWithAmazonTest" name="getProductInfo" time="11.670"/>
  <testcase classname="practice.testNg.est.DataProviderWithAmazonTest" name="getProductInfo" time="10.677"/>
</testsuite> <!-- practice.testNg.est.DataProviderWithAmazonTest -->
